{
  "stats": {
    "suites": 1,
    "tests": 8,
    "passes": 8,
    "pending": 0,
    "failures": 0,
    "start": "2025-01-19T20:07:24.974Z",
    "end": "2025-01-19T20:07:28.295Z",
    "duration": 3321,
    "testsRegistered": 8,
    "passPercent": 100,
    "pendingPercent": 0,
    "other": 0,
    "hasOther": false,
    "skipped": 0,
    "hasSkipped": false
  },
  "results": [
    {
      "uuid": "8974534f-0ccf-4645-8faa-cedce54dcbf3",
      "title": "",
      "fullFile": "cypress/e2e/encontrar-elementos.cy.js",
      "file": "cypress/e2e/encontrar-elementos.cy.js",
      "beforeHooks": [],
      "afterHooks": [],
      "tests": [],
      "suites": [
        {
          "uuid": "061c6cf4-ec95-4a81-854e-51649d6ac64d",
          "title": "Encontrar elementos con Cypress",
          "fullFile": "",
          "file": "",
          "beforeHooks": [],
          "afterHooks": [],
          "tests": [
            {
              "title": "Buscar un elemento por su id",
              "fullTitle": "Encontrar elementos con Cypress Buscar un elemento por su id",
              "timedOut": null,
              "duration": 535,
              "state": "passed",
              "speed": "fast",
              "pass": true,
              "fail": false,
              "pending": false,
              "context": null,
              "code": "cy.get('#navbarSupportedContent');",
              "err": {},
              "uuid": "3e13557c-bc46-40f8-a6fb-d62fe205ecf6",
              "parentUUID": "061c6cf4-ec95-4a81-854e-51649d6ac64d",
              "isHook": false,
              "skipped": false
            },
            {
              "title": "Buscar un elemento por su clase",
              "fullTitle": "Encontrar elementos con Cypress Buscar un elemento por su clase",
              "timedOut": null,
              "duration": 218,
              "state": "passed",
              "speed": "fast",
              "pass": true,
              "fail": false,
              "pending": false,
              "context": null,
              "code": "cy.get('.class1');\ncy.get('.class2');\ncy.get('.class3');",
              "err": {},
              "uuid": "8638909c-dfff-409b-b595-7fe08c4c4765",
              "parentUUID": "061c6cf4-ec95-4a81-854e-51649d6ac64d",
              "isHook": false,
              "skipped": false
            },
            {
              "title": "Buscar un elemento por su etiqueta",
              "fullTitle": "Encontrar elementos con Cypress Buscar un elemento por su etiqueta",
              "timedOut": null,
              "duration": 205,
              "state": "passed",
              "speed": "fast",
              "pass": true,
              "fail": false,
              "pending": false,
              "context": null,
              "code": "// Este selector va a buscar todos los botones de la pagina\ncy.get('button');",
              "err": {},
              "uuid": "dbeef807-34df-43c7-b0d5-5c594ed7ccda",
              "parentUUID": "061c6cf4-ec95-4a81-854e-51649d6ac64d",
              "isHook": false,
              "skipped": false
            },
            {
              "title": "Buscar un elemento por su atributo",
              "fullTitle": "Encontrar elementos con Cypress Buscar un elemento por su atributo",
              "timedOut": null,
              "duration": 209,
              "state": "passed",
              "speed": "fast",
              "pass": true,
              "fail": false,
              "pending": false,
              "context": null,
              "code": "cy.get('[type=\"button\"]');",
              "err": {},
              "uuid": "4f815089-c837-422d-bb10-4afd95170401",
              "parentUUID": "061c6cf4-ec95-4a81-854e-51649d6ac64d",
              "isHook": false,
              "skipped": false
            },
            {
              "title": "Buscar un elemento con \"contains\"",
              "fullTitle": "Encontrar elementos con Cypress Buscar un elemento con \"contains\"",
              "timedOut": null,
              "duration": 239,
              "state": "passed",
              "speed": "fast",
              "pass": true,
              "fail": false,
              "pending": false,
              "context": null,
              "code": "cy.contains('Home');\n// Tambien podemos ignorar el case sensitive\ncy.contains('hOME', {\n  matchCase: false\n});",
              "err": {},
              "uuid": "711a4c4f-ad68-46aa-84cc-631a3cc117a4",
              "parentUUID": "061c6cf4-ec95-4a81-854e-51649d6ac64d",
              "isHook": false,
              "skipped": false
            },
            {
              "title": "Buscar un elemento y seleccionar el primero",
              "fullTitle": "Encontrar elementos con Cypress Buscar un elemento y seleccionar el primero",
              "timedOut": null,
              "duration": 213,
              "state": "passed",
              "speed": "fast",
              "pass": true,
              "fail": false,
              "pending": false,
              "context": null,
              "code": "cy.viewport(400, 400);\ncy.get('button').first();",
              "err": {},
              "uuid": "87589965-7e63-4c3a-a07d-59426665e2ef",
              "parentUUID": "061c6cf4-ec95-4a81-854e-51649d6ac64d",
              "isHook": false,
              "skipped": false
            },
            {
              "title": "Buscar un elemento y seleccionar el ultimo",
              "fullTitle": "Encontrar elementos con Cypress Buscar un elemento y seleccionar el ultimo",
              "timedOut": null,
              "duration": 278,
              "state": "passed",
              "speed": "fast",
              "pass": true,
              "fail": false,
              "pending": false,
              "context": null,
              "code": "cy.get('button').last();",
              "err": {},
              "uuid": "6a70c2e5-ae19-417a-af14-c8784b5b7814",
              "parentUUID": "061c6cf4-ec95-4a81-854e-51649d6ac64d",
              "isHook": false,
              "skipped": false
            },
            {
              "title": "Buscar un elemento por su \"indice\"",
              "fullTitle": "Encontrar elementos con Cypress Buscar un elemento por su \"indice\"",
              "timedOut": null,
              "duration": 220,
              "state": "passed",
              "speed": "fast",
              "pass": true,
              "fail": false,
              "pending": false,
              "context": null,
              "code": "cy.get('button').eq(1);\ncy.get('button').eq(2);\ncy.get('button').eq(3);",
              "err": {},
              "uuid": "cb243ea7-c336-4b80-ba07-ef3e8d43e513",
              "parentUUID": "061c6cf4-ec95-4a81-854e-51649d6ac64d",
              "isHook": false,
              "skipped": false
            }
          ],
          "suites": [],
          "passes": [
            "3e13557c-bc46-40f8-a6fb-d62fe205ecf6",
            "8638909c-dfff-409b-b595-7fe08c4c4765",
            "dbeef807-34df-43c7-b0d5-5c594ed7ccda",
            "4f815089-c837-422d-bb10-4afd95170401",
            "711a4c4f-ad68-46aa-84cc-631a3cc117a4",
            "87589965-7e63-4c3a-a07d-59426665e2ef",
            "6a70c2e5-ae19-417a-af14-c8784b5b7814",
            "cb243ea7-c336-4b80-ba07-ef3e8d43e513"
          ],
          "failures": [],
          "pending": [],
          "skipped": [],
          "duration": 2117,
          "root": false,
          "rootEmpty": false,
          "_timeout": 2000
        }
      ],
      "passes": [],
      "failures": [],
      "pending": [],
      "skipped": [],
      "duration": 0,
      "root": true,
      "rootEmpty": true,
      "_timeout": 2000
    }
  ],
  "meta": {
    "mocha": {
      "version": "7.0.1"
    },
    "mochawesome": {
      "options": {
        "quiet": false,
        "reportFilename": "mochawesome",
        "saveHtml": false,
        "saveJson": true,
        "consoleReporter": "spec",
        "useInlineDiffs": false,
        "code": true
      },
      "version": "7.1.3"
    },
    "marge": {
      "options": {
        "charts": true,
        "reportPageTitle": "Curso de Cypress by JoanMedia",
        "embeddedScreenshots": true,
        "inlineAssets": true,
        "saveAllAttempts": false,
        "autoOpen": true,
        "overwrite": false,
        "html": false,
        "json": true,
        "reportDir": "cypress/reports/html/.jsons"
      },
      "version": "6.2.0"
    }
  }
}